
Aug 12, 2019 23:06:21.85 NEW SESSION
Aug 12, 2019 23:06:21.85 [Parent 12640, Gecko_IOThread] WARNING: pipe error: 109: file z:/task_1563383129/build/src/ipc/chromium/src/chrome/common/ipc_channel_win.cc, line 341
Aug 12, 2019 23:15:43.08 [Child 13956, Ch[Parent 12640, Gecko_IOThread] WARNING: pipe error: 109: file z:/task_1563383129/build/src/ipc/chromium/src/chrome/common/ipc_channel_win.cc, line 341
Aug 12, 2019 23:15:43.14 [Child 8016, Chrome_ChildThread] WARNING: pipe error: 109: file z:/task_1563383129/build/src/ipc/chromium/src/chrome/common/ipc_channel_win.cc, line 341
Aug 12, 2019 23:15:43.47 [Child 8016, Chrome_ChildThread] WARNI[Child 13928, Chrome_ChildThread] WARNING: pipe error: 109: file z:/task_1563383129/build/src/ipc/chromium/src/chrome/common/ipc_channel_win.cc, line 341

Aug 15, 2019 22:30:14.65 NEW SESSION
Aug 15, 2019 22:30:14.65 [Parent 7860, Gecko_IOThread] WARNING: pipe error: 109: file z:/task_1563383129/build/src/ipc/chromium/src/chrome/common/ipc_channel_win.cc, line 341
Aug 15, 2019 22:30:14.67 [Parent 7860, Gecko_IOThread] WARNING: pipe error: 109: file z:/task_1563383129/build/src/ipc/chromium/src/chrome/common/ipc_channel_win.cc, line 341
Aug 15, 2019 22:30:14.70 [Parent 7860, Gecko_IOThread] WARNING: pipe error: 109: file z:/task_1563383129/build/src/ipc/chromium/src/chrome/common/ipc_channel_win.cc, line 341
Aug 15, 2019 22:30:14.94 
Aug 15, 2019 22:30:14.94 ###!!! [Parent][RunMessage] Error: Channel closing: too late to send/recv, messages will be lost
Aug 15, 2019 22:30:14.94 
Aug 15, 2019 22:30:15.00 
Aug 15, 2019 22:30:15.02 ###!!! [Child][MessageChannel::SendAndWait] Error: Channel error: cannot send/recv
Aug 15, 2019 22:30:15.02 

Aug 19, 2019 21:53:59.48 NEW SESSION
Aug 19, 2019 21:53:59.48 [Parent 8012, Gecko_IOThread] WARNING: pipe error: 109: file z:/task_1563383129/build/src/ipc/chromium/src/chrome/common/ipc_channel_win.cc, line 341
Aug 19, 2019 21:53:59.59 [Parent 8012, Gecko_IOThread] WARNING: pipe error: 109: file z:/task_1563383129/build/src/ipc/chromium/src/chrome/common/ipc_channel_win.cc, line 341
Aug 19, 2019 21:53:59.59 [Child 5392, Chrome_ChildThread] WARNING: pipe error: 109: file z:/task_1563383129/build/src/ipc/chromium/src/chrome/common/ipc_channel_win.cc, line 341
Aug 19, 2019 21:53:59.59 [Child 5392, Chrome_ChildThread] WARNING: pipe error: 109: file z:/task_1563383129/build/src/ipc/chromium/src/chrome/common/ipc_channel_win.cc, line 341
Aug 19, 2019 21:53:59.59 [Parent 8012, Gecko_IOThread] WARNING: pipe error: 109: file z:/task_1563383129/build/src/ipc/chromium/src/chrome/common/ipc_channel_win.cc, line 341
Aug 19, 2019 21:53:59.74 
Aug 19, 2019 21:53:59.75 ###!!! [Child][RunMessage] Error: Channel closing: too late to send/recv, messages will be lost
Aug 19, 2019 21:53:59.75 
Aug 19, 2019 21:53:59.76 [GPU 
Aug 19, 2019 21:53:59.77 ###!!! [Parent][RunMessage] Error: Channel closing: too late to send/recv, messages will be lost
Aug 19, 2019 21:53:59.77 
Aug 19, 2019 21:53:59.84 
Aug 19, 2019 21:53:59.86 ###!!! [Child][MessageChannel::SendAndWait] Error: Channel error: cannot send/recv
Aug 19, 2019 21:53:59.86 

Aug 26, 2019 24:45:45.10 NEW SESSION
Aug 26, 2019 24:45:45.10 [Parent 11180, Gecko_IOThread] WARNING: pipe error: 109: file z:/task_1565706750/build/src/ipc/chromium/src/chrome/common/ipc_channel_win.cc, line 341
Aug 26, 2019 24:45:45.16 [Parent 11180, Gecko_IOThread] WARNING: pipe error: 109: file z:/task_1565706750/build/src/ipc/chromium/src/chrome/common/ipc_channel_win.cc, line 341
Aug 26, 2019 24:45:45.30 
Aug 26, 2019 24:45:45.32 ###!!! [Child][RunMessage] Error: Channel closing: too late to send/recv, messages will be lost
Aug 26, 2019 24:45:45.32 
Aug 26, 2019 24:45:45.32 [GPU 12132, Chrome_ChildThread] WARNING: pipe error: 109: file z:/task_1565706750/build/src/ipc/chromium/src/chrome/common/ipc_channel_win.cc, line 341
Aug 26, 2019 24:45:45.34 
Aug 26, 2019 24:45:45.34 ###!!! [Parent][RunMessage] Error: Channel closing: too late to send/recv, messages will be lost
Aug 26, 2019 24:45:45.34 
Aug 26, 2019 24:45:45.35 
Aug 26, 2019 24:45:45.35 ###!!! [Child][MessageChannel::SendAndWait] Error: Channel error: cannot send/recv
Aug 26, 2019 24:45:45.37 

Aug 26, 2019 10:35:02.90 NEW SESSION
Aug 26, 2019 10:35:02.90 [Parent 11888, Gecko_IOThread] WARNING: pipe error: 109: file z:/task_1565706750/build/src/ipc/chromium/src/chrome/common/ipc_channel_win.cc, line 341
Aug 26, 2019 10:35:02.96 [Child 10604, Chrome_ChildThread] WARNING: pipe error: 109: file z:/task_1565706750/build/src/ipc/chromium/src/chrome/common/ipc_channel_win.cc, line 341
Aug 26, 2019 10:35:02.97 [Child 10604, Chrome_ChildThread] WARNING: pipe error: 109: file z:/task_1565706750/build/src/ipc/chromium/src/chrome/common/ipc_channel_win.cc, line 341
Aug 26, 2019 17:27:31.21 [Parent 11888, Gecko_IOThread] WARNING: pipe error: 109: file z:/task_1565706750/build/src/ipc/chromium/src/chrome/common/ipc_channel_win.cc, line 341
Aug 26, 2019 17:27:31.22 [Child 1568, Chrome_ChildThread] WARNING: pipe error: 109: file z:/task_1565706750/build/src/ipc/chromium/src/chrome/common/ipc_channel_win.cc, line 341
Aug 26, 2019 17:27:31.22 [Child 1568, Chrome_ChildThread] WARNING: pipe error: 109: file z:/task_1565706750/build/src/ipc/chromium/src/chrome/common/ipc_channel_win.cc, line 341
Aug 26, 2019 17:27:33.05 [Parent 11888, Gecko_IOThread] WARNING: pipe error: 109: file z:/task_1565706750/build/src/ipc/chromium/src/chrome/common/ipc_channel_win.cc, line 341
Aug 26, 2019 17:27:33.05 [Child 10592, Chrome_ChildThread] WARNING: pipe error: 109: file z:/task_1565706750/build/src/ipc/chromium/src/chrome/common/ipc_channel_win.cc, line 341
Aug 26, 2019 17:27:39.96 [Child 10592, Chrome_ChildThread] WARNING: pipe error: 109: file z:/task_1565706750/build/src/ipc/chromium[Parent 11888, Gecko_IOThread] WARNING: pipe error: 109: file z:/task_1565706750/build/src/ipc/chromium/src/chrome/common/ipc_channel_win.cc, line 341
Aug 26, 2019 17:27:39.97 [Child 1604, Chrome_ChildThread] WARNING: pipe error: 109: file z:/task_1565706750/build/src/ipc/chromium/src/chrome/common/ipc_channel_win.cc, line 341
Aug 26, 2019 17:27:39.97 [Child 1604, Chrome_ChildThread] WARNING: pipe error: 109: file z:/task_1565706750/build/src/ipc/chromium/src/chrome/common/ipc_channel_win.cc, line 341
Aug 26, 2019 17:27:53.42 [Parent 11888, Gecko_IOThread] WARNING: pipe error: 109: file z:/task_1565706750/build/src/ipc/chromium/src/chrome/common/ipc_channel_win.cc, line 341
Aug 26, 2019 17:27:53.44 [Child 8760, Chrome_ChildThread] WARNING: pipe error: 109: file z:/task_1565706750/build/src/ipc/chromium/src/chrome/common/ipc_channel_win.cc, line 341
Aug 26, 2019 17:27:53.45 [Parent 11888, Gecko_IOThread] WARNING: pipe error: 109: file z:/task_1565706750/build/src/ipc/chromium/src/chrome/common/ipc_channel_win.cc, line 341
Aug 26, 2019 17:27:53.45 [Child 11456, Chrome_ChildThread] WARNING: pipe error: 109: file z:/task_1565706750/build/src/ipc/chromium/src/chrome/common/ipc_channel_win.cc, line 341
Aug 26, 2019 17:27:53.47 [Parent 11888, Gecko_IOThread] WARNING: pipe error: 109: file z:/task_1565706750/build/src/ipc/chromium/src/chrome/common/ipc_channel_win.cc, line 341
Aug 26, 2019 17:27:53.62 
Aug 26, 2019 17:27:53.64 ###!!! [Child][RunMessage] Error: Channel closing: too late to send/recv, messages will be lost
Aug 26, 2019 17:27:53.64 
Aug 26, 2019 17:27:53.64 [GPU 5720, Chrome_ChildThread] WARNING: pipe error: 109: file z:/task_1565706750/build/src/ipc/chromium/src/chrome/common/ipc_channel_win.cc, line 341
Aug 26, 2019 17:27:53.64 
Aug 26, 2019 17:27:53.64 ###!!! [Parent][RunMessage] Error: Channel closing: too late to send/recv, messages will be lost
Aug 26, 2019 17:27:53.66 
Aug 26, 2019 17:27:53.66 
Aug 26, 2019 17:27:53.67 ###!!! [Child][MessageChannel::SendAndWait] Error: Channel error: cannot send/recv
Aug 26, 2019 17:27:53.69 

Aug 28, 2019 15:33:39.76 NEW SESSION
Aug 28, 2019 15:33:39.76 [Child 336, Chrome_ChildThread] WARNING: pipe error: 109: file z:/task_1565706750/build/src/ipc/chromium/src/chrome/common/ipc_channel_win.cc, line 341
Aug 28, 2019 15:33:39.78 [Child 336, Chrome_ChildThread] WARNING: pipe error: 109: file z:/task_1565706750/build/src/ipc/chromium/src/chrome/common/ipc_channel_win.cc, line 341
Aug 28, 2019 17:04:41.55 [Parent 6012, Gecko_IOThread] WARNING: pipe error: 109: file z:/task_1565706750/build/src/ipc/chromium/src/chrome/common/ipc_channel_win.cc, line 341
Aug 28, 2019 17:04:41.55 [Child 1276, Chrome_ChildThread] WARNING: pipe error: 109: file z:/task_1565706750/build/src/ipc/chromium/src/chrome/common/ipc_channel_win.cc, line 341
Aug 28, 2019 17:31:58.04 [Child 1276, Chrome_ChildThread] [Parent 6012, Gecko_IOThread] WARNING: pipe error: 109: file z:/task_1565706750/build/src/ipc/chromium/src/chrome/common/ipc_channel_win.cc, line 341
Aug 28, 2019 17:31:58.07 [Child 7796, Chrome_ChildThread] WARNING: pipe error: 109: file z:/task_1565706750/build/src/ipc/chromium/src/chrome/common/ipc_channel_win.cc, line 341
Aug 28, 2019 17:31:58.07 [Child 7796, Chrome_ChildThread] WARNING: pipe error: 109: file z:/task_1565706750/build/src/ipc/chromium/src/chrome/common/ipc_channel_win.cc, line 341
Aug 28, 2019 17:31:58.48 [Parent 6012, Gecko_IOThread] WARNING: pipe error: 109: file z:/task_1565706750/build/src/ipc/chromium/src/chrome/common/ipc_channel_win.cc, line 341
Aug 28, 2019 17:31:58.49 [Child 11660, Chrome_ChildThread] WARNING: pipe error: 109: file z:/task_1565706750/build/src/ipc/chromium/src/chrome/common/ipc_channel_win.cc, line 341
Aug 28, 2019 17:31:58.49 [Child 11660, Chrome_ChildThread] WARNING: pipe error: 109: file z:/task_1565706750/build/src/ipc/chromium/src/chrome/common/ipc_channel_win.cc, line 341
Aug 28, 2019 17:31:58.99 [Parent 6012, Gecko_IOThread] WARNING: pipe error: 109: file z:/task_1565706750/build/src/ipc/chromium/src/chrome/common/ipc_channel_win.cc, line 341
Aug 28, 2019 17:31:59.02 [Child 1884, Chrome_ChildThread] WARNING: pipe error: 109: file z:/task_1565706750/build/src/ipc/chromium/src/chrome/common/ipc_channel_win.cc, line 341
Aug 28, 2019 17:31:59.64 [Child 1884, Chrome_ChildThread] WA[Parent 6012, Gecko_IOThread] WARNING: pipe error: 109: file z:/task_1565706750/build/src/ipc/chromium/src/chrome/common/ipc_channel_win.cc, line 341
Aug 28, 2019 17:31:59.67 [Child 10832, Chrome_ChildThread] WARNING: pipe error: 109: file z:/task_1565706750/build/src/ipc/chromium/src/chrome/common/ipc_channel_win.cc, line 341

Aug 31, 2019 20:48:54.64 NEW SESSION
Aug 31, 2019 20:48:54.64 [Parent 8320, Gecko_IOThread] WARNING: pipe error: 109: file z:/task_1565706750/build/src/ipc/chromium/src/chrome/common/ipc_channel_win.cc, line 341
Aug 31, 2019 20:48:54.66 [Parent 8320, Gecko_IOThread] WARNING: pipe error: 109: file z:/task_1565706750/build/src/ipc/chromium/src/chrome/common/ipc_channel_win.cc, line 341
Aug 31, 2019 20:48:54.66 
Aug 31, 2019 20:48:54.66 ###!!! [Parent][RunMessage] Error: Channel closing: too late to send/recv, messages will be lost
Aug 31, 2019 20:48:54.67 
Aug 31, 2019 20:48:54.67 
Aug 31, 2019 20:48:54.67 ###!!! [Child][MessageChannel::SendAndWait] Error: Channel error: cannot send/recv
Aug 31, 2019 20:48:54.67 
Aug 31, 2019 23:54:56.42 [Parent 14104, Gecko_IOThread] WARNING: pipe error: 109: file z:/task_1565706750/build/src/ipc/chromium/src/chrome/common/ipc_channel_win.cc, line 341
Aug 31, 2019 23:54:56.43 [Parent 14104, Gecko_IOThread] WARNING: pipe error: 109: file z:/task_1565706750/build/src/ipc/chromium/src/chrome/common/ipc_channel_win.cc, line 341
Aug 31, 2019 23:54:56.44 [Parent 14104, Gecko_IOThread] WARNING: pipe error: 109: file z:/task_1565706750/build/src/ipc/chromium/src/chrome/common/ipc_channel_win.cc, line 341
Aug 31, 2019 23:54:56.45 [Parent 14104, Gecko_IOThread] WARNING: pipe error: 109: file z:/task_1565706750/build/src/ipc/chromium/src/chrome/common/ipc_channel_win.cc, line 341
Aug 31, 2019 23:54:56.45 [Child 10604, Chrome_ChildThread] WARNING: pipe error: 109: file z:/task_1565706750/build/src/ipc/chromium/src/chrome/common/ipc_channel_win.cc, line 341
Aug 31, 2019 23:54:56.48 [Child 10604, Chrome_ChildThread] WARNING: pipe error: 109: file z:/task_156[Parent 14104, Gecko_IOThread] WARNING: pipe error: 109: file z:/task_1565706750/build/src/ipc/chromium/src/chrome/common/ipc_channel_win.cc, line 341
Aug 31, 2019 23:54:56.65 
Aug 31, 2019 23:54:56.67 ###!!! [Child][RunMessage] Error: Channel closing: too late to send/recv, messages will be lost
Aug 31, 2019 23:54:56.67 
Aug 31, 2019 23:54:56.67 [GPU 13104, Chrome_ChildThread] WARNING: pipe error: 109: file z:/task_1565706750/build/src/ipc/chromium/src/chrome/common/ipc_channel_win.cc, line 341
Aug 31, 2019 23:54:56.68 
Aug 31, 2019 23:54:56.68 ###!!! [Parent][RunMessage] Error: Channel closing: too late to send/recv, messages will be lost
Aug 31, 2019 23:54:56.70 
Aug 31, 2019 23:54:56.73 
Aug 31, 2019 23:54:56.75 ###!!! [Child][MessageChannel::SendAndWait] Error: Channel error: cannot send/recv
Aug 31, 2019 23:54:56.75 

Sep 01, 2019 09:39:03.71 NEW SESSION
Sep 01, 2019 09:39:03.71 [Parent 10856, Gecko_IOThread] WARNING: pipe error: 109: file z:/task_1565706750/build/src/ipc/chromium/src/chrome/common/ipc_channel_win.cc, line 341
Sep 01, 2019 09:39:03.77 [Child 5660, Chrome_ChildThread] WARNING: pipe error: 109: file z:/task_1565706750/build/src/ipc/chromium/src/chrome/common/ipc_channel_win.cc, line 341
Sep 01, 2019 09:39:04.12 [Child 5660, Chrome_ChildThread] WARNING[Parent 10856, Gecko_IOThread] WARNING: pipe error: 109: file z:/task_1565706750/build/src/ipc/chromium/src/chrome/common/ipc_channel_win.cc, line 341
Sep 01, 2019 09:39:04.13 [Child 8248, Chrome_ChildThread] WARNING: pipe error: 109: file z:/task_1565706750/build/src/ipc/chromium/src/chrome/common/ipc_channel_win.cc, line 341
Sep 01, 2019 09:45:31.14 [Child 8248, Chrome_ChildThread] WARNING: pipe error: 109: file z:/task_1565706750/build/src/ipc/chromiu[Parent 10856, Gecko_IOThread] WARNING: pipe error: 109: file z:/task_1565706750/build/src/ipc/chromium/src/chrome/common/ipc_channel_win.cc, line 341
Sep 01, 2019 09:45:31.16 [Parent 10856, Gecko_IOThread] WARNING: pipe error: 109: file z:/task_1565706750/build/src/ipc/chromium/src/chrome/common/ipc_channel_win.cc, line 341
Sep 01, 2019 09:45:31.16 [Child 7556, Chrome_ChildThread] WARNING: pipe error: 109: file z:/task_1565706750/build/src/ipc/chromium/src/chrome/common/ipc_channel_win.cc, line 341
Sep 01, 2019 09:45:31.18 [Child 7556, Chrome_Child[Child 5180, Chrome_ChildThread] WARNING: pipe error: 109: file z:/task_1565706750/build/src/ipc/chromium/src/chrome/common/ipc_channel_win.cc, line 341
Sep 01, 2019 09:45:31.20 [Child 5180, Chrome_ChildThread] WARNING: pipe er[Parent 10856, Gecko_IOThread] WARNING: pipe error: 109: file z:/task_1565706750/build/src/ipc/chromium/src/chrome/common/ipc_channel_win.cc, line 341
Sep 01, 2019 09:45:31.49 [GPU 2180, Chrome_ChildThread] WARNING
Sep 01, 2019 09:45:31.59 ###!!! [Parent][RunMessage] Error: Channel closing: too late to send/recv, messages will be lost
Sep 01, 2019 09:45:31.61 
Sep 01, 2019 09:45:32.22 
Sep 01, 2019 09:45:32.23 ###!!! [Child][MessageChannel::SendAndWait] Error: Channel error: cannot send/recv
Sep 01, 2019 09:45:32.27 

Sep 01, 2019 21:02:07.74 NEW SESSION
Sep 01, 2019 21:02:07.74 [Parent 12824, Gecko_IOThread] WARNING: pipe error: 109: file z:/task_1565706750/build/src/ipc/chromium/src/chrome/common/ipc_channel_win.cc, line 341
Sep 01, 2019 21:02:07.83 [Child 14732, Chrome_ChildThread] WARNING: pipe error: 109: file z:/task_1565706750/build/src/ipc/chromium/src/chrome/common/ipc_channel_win.cc, line 341
Sep 01, 2019 21:02:07.83 [Child 14732, Chrome_ChildThread] WARNING: pipe error: 109: file z:/task_1565706750/build/src/ipc/chromium/src/chrome/common/ipc_channel_win.cc, line 341
Sep 01, 2019 21:14:15.68 [Parent 12824, Gecko_IOThread] WARNING: pipe error: 109: file z:/task_1565706750/build/src/ipc/chromium/src/chrome/common/ipc_channel_win.cc, line 341
Sep 01, 2019 21:14:15.69 [Child 1952, Chrome_ChildThread] WARNING: pipe error: 109: file z:/task_1565706750/build/src/ipc/chromium/src/chrome/common/ipc_channel_win.cc, line 341
Sep 01, 2019 21:14:15.69 [Child 1952, Chrome_ChildThread] WARNING: pipe error: 109: file z:/task_1565706750/build/src/ipc/chromium/src/chrome/common/ipc_channel_win.cc, line 341
Sep 01, 2019 21:20:44.91 [Parent 12824, Gecko_IOThread] WARNING: pipe error: 109: file z:/task_1565706750/build/src/ipc/chromium/src/chrome/common/ipc_channel_win.cc, line 341
Sep 01, 2019 21:20:44.96 [Child 15240, Chrome_ChildThread] WARNING: pipe error: 109: file z:/task_1565706750/build/src/ipc/chromium/src/chrome/common/ipc_channel_win.cc, line 341
Sep 01, 2019 21:25:40.47 [Child 15240, Chrome_ChildThr[Parent 12824, Gecko_IOThread] WARNING: pipe error: 109: file z:/task_1565706750/build/src/ipc/chromium/src/chrome/common/ipc_channel_win.cc, line 341
Sep 01, 2019 21:25:40.48 [Child 15300, Chrome_ChildThread] WARNING: pipe error: 109: file z:/task_1565706750/build/src/ipc/chromium/src/chrome/common/ipc_channel_win.cc, line 341
Sep 01, 2019 21:41:11.76 [Child 15300, Chrome_ChildThread] WARNING: pipe error: 109: fil[Parent 12824, Gecko_IOThread] WARNING: pipe error: 109: file z:/task_1565706750/build/src/ipc/chromium/src/chrome/common/ipc_channel_win.cc, line 341
Sep 01, 2019 21:41:11.77 [Child 240, Chrome_ChildThread] WARNING: pipe error: 109: file z:/task_1565706750/build/src/ipc/chromium/src/chrome/common/ipc_channel_win.cc, line 341
Sep 01, 2019 21:41:11.78 [Child 240, Chrome_ChildThread] WARNING: pipe error: 109: file z:/task_1565706750/build/src/ipc/chromium/src/chrome/common/ipc_channel_win.cc, line 341
Sep 01, 2019 22:59:15.02 [Parent 12824, Gecko_IOThread] WARNING: pipe error: 109: file z:/task_1565706750/build/src/ipc/chromium/src/chrome/common/ipc_channel_win.cc, line 341
Sep 01, 2019 22:59:15.03 [Child 16124, Chrome_ChildThread] WARNING: pipe error: 109: file z:/task_1565706750/build/src/ipc/chromium/src/chrome/common/ipc_channel_win.cc, line 341
Sep 01, 2019 23:02:16.41 [Child 16124, Chrome_ChildThread] WARNING: pipe error: 109: file z:/task_1565706750/build/src/ipc/chromium[Child 14576, Chrome_ChildThread] WARNING: pipe error: 109: file z:/task_1565706750/build/src/ipc/chromium/src/chrome/common/ipc_channel_win.cc, line 341
Sep 01, 2019 23:02:16.42 [Child 14576, Chrome_ChildThread] WARNING: pipe error: 109: file z:/task_1565706750/build/src/ipc/chromium/src/chrome/common/ipc_channel_win.cc, line 341
Sep 01, 2019 23:02:19.30 [Parent 12824, Gecko_IOThread] WARNING: pipe error: 109: file z:/task_1565706750/build/src/ipc/chromium/src/chrome/common/ipc_channel_win.cc, line 341
Sep 01, 2019 23:27:44.96 [Parent 12824, Gecko_IOThread] WARNING: pipe error: 109: file z:/task_1565706750/build/src/ipc/chromium/src/chrome/common/ipc_channel_win.cc, line 341
Sep 01, 2019 23:27:44.97 [Child 12256, Chrome_ChildThread] WARNING: pipe error: 109: file z:/task_1565706750/build/src/ipc/chromium/src/chrome/common/ipc_channel_win.cc, line 341
Sep 01, 2019 23:27:46.22 [Child 12256, Chrome_ChildThread] WARNING: pipe error: 109: file z:/task_1565706750/build/src/ipc/chromium/src/chrome/common/i[Child 2252, Chrome_ChildThread] WARNING: pipe error: 109: file z:/task_1565706750/build/src/ipc/chromium/src/chrome/common/ipc_channel_win.cc, line 341
Sep 01, 2019 23:27:46.23 [Child 2252, Chrome_ChildThread] WARNING: pipe error: 109: file z:/task_1565706750/build/src/ipc/chromium/src/chrome/common/ipc_channel_win.cc, line 341
Sep 01, 2019 23:32:29.72 [Parent 12824, Gecko_IOThread] WARNING: pipe error: 109: file z:/task_1565706750/build/src/ipc/chromium/src/chrome/common/ipc_channel_win.cc, line 341
Sep 01, 2019 23:32:29.73 [Child 12964, Chrome_ChildThread] WARNING: pipe error: 109: file z:/task_1565706750/build/src/ipc/chromium/src/chrome/common/ipc_channel_win.cc, line 341
Sep 01, 2019 23:32:29.74 [Child 12964, Chrome_ChildThread] WARNING: pipe error: 109: file z:/task_1565706750/build/src/ipc/chromium/src/chrome/common/ipc_channel_win.cc, line 341

Sep 02, 2019 09:32:24.20 NEW SESSION
Sep 02, 2019 09:32:24.20 [Parent 1952, Gecko_IOThread] WARNING: pipe error: 109: file z:/task_1565706750/build/src/ipc/chromium/src/chrome/common/ipc_channel_win.cc, line 341
Sep 02, 2019 09:32:24.26 [Child 7548, Chrome_ChildThread] WARNING: pipe error: 109: file z:/task_1565706750/build/src/ipc/chromium/src/chrome/common/ipc_channel_win.cc, line 341
Sep 02, 2019 09:36:56.24 [Child 7548, Chrome_ChildThrea[Parent 1952, Gecko_IOThread] WARNING: pipe error: 109: file z:/task_1565706750/build/src/ipc/chromium/src/chrome/common/ipc_channel_win.cc, line 341
Sep 02, 2019 09:43:40.21 [Parent 1952, Gecko_IOThread] WARNING: pipe error: 109: file z:/task_1565706750/build/src/ipc/chromium/src/chrome/common/ipc_channel_win.cc, line 341
Sep 02, 2019 13:03:42.54 [Child 588, Chrome_ChildTh[Parent 1952, Gecko_IOThread] WARNING: pipe error: 109: file z:/task_1565706750/build/src/ipc/chromium/src/chrome/common/ipc_channel_win.cc, line 341
Sep 02, 2019 13:03:42.54 [Parent 1952, Gecko_IOThread] WARNING: pipe error: 109: file z:/task_1565706750/build/src/ipc/chromium/src/chrome/common/ipc_channel_win.cc, line 341
Sep 02, 2019 13:03:42.55 [Child 2252, Chrome_ChildThread] WARNING: pipe error: 109: file z:/task_1565706750/build/src/ipc/chromium/src/chrome/common/ipc_channel_win.cc, line 341
Sep 02, 2019 13:03:42.55 [Child 2252, Chrome_ChildThread] WARNING: pipe error: 109: file z:/task_1565706750/build/src/ipc/chromium/src/chrome/common/ipc_channel_win.cc, line 341
Sep 02, 2019 13:03:42.55 [Child 1712, Chrome_ChildThread] WARNING: pipe error: 109: file z:/task_1565706750/build/src/ipc/chromium/src/chrome/common/ipc_channel_win.cc, line 341
Sep 02, 2019 13:03:42.56 [Child 1712, Chrome_ChildThread] WARNING: pipe error: 109: file z:/task_1565706750/build/src/ipc/chromium/src/chrome/common/ipc_channel_win.cc, line 341
Sep 02, 2019 13:03:42.56 [Parent 1952, Gecko_IOThread] WARNING: pipe error: 109: file z:/task_1565706750/build/src/ipc/chromium/src/chrome/common/ipc_channel_win.cc, line 341
Sep 02, 2019 13:03:42.57 [Child 9012, Chrome_ChildThread] WARNING: pipe error: 109: file z:/task_1565706750/build/src/ipc/chromium/src/chrome/common/ipc_channel_win.cc, line 341
Sep 02, 2019 13:03:42.57 [Child 9012, Chrome_ChildThread] WARNING: pipe error: 109: file z:/task_1565706750/build/src/ipc/chromium/src/chrome/common/ipc_channel_win.cc, line 341
Sep 02, 2019 13:03:42.60 [Parent 1952, Gecko_IOThread] WARNING: pipe error: 109: file z:/task_1565706750/build/src/ipc/chromium/src/chrome/common/ipc_channel_win.cc, line 341
Sep 02, 2019 13:03:42.61 [Child 8084, Chrome_ChildThread] WARNING: pipe error: 109: file z:/task_1565706750/build/src/ipc/chromium/src/chrome/common/ipc_channel_win.cc, line 341
Sep 02, 2019 13:03:42.62 [Child 8084, Chrome_ChildThread] WARNING: pipe error: 109: file z:/task_1565706750/build/src/ipc/chromium/src/chrome/common/ipc_channel_win.cc, line 341
Sep 02, 2019 13:03:42.80 
Sep 02, 2019 13:03:42.82 ###!!! [Child][RunMessage] Error: Channel closing: too late to send/recv, messages will be lost
Sep 02, 2019 13:03:42.83 
Sep 02, 2019 13:03:42.83 [GPU 14244, Chrome_ChildThread] WARNING: pipe error: 109: file z:/task_1565706750/build/src/ipc/chromium/src/chrome/c
Sep 02, 2019 13:03:42.83 ###!!! [Parent][RunMessage] Error: Channel closing: too late to send/recv, messages will be lost
Sep 02, 2019 13:03:42.83 
Sep 02, 2019 13:03:42.87 
Sep 02, 2019 13:03:42.90 ###!!! [Child][MessageChannel::SendAndWait] Error: Channel error: cannot send/recv
Sep 02, 2019 13:03:42.90 

Sep 02, 2019 22:04:25.01 NEW SESSION
Sep 02, 2019 22:04:25.01 [Parent 6980, Gecko_IOThread] WARNING: pipe error: 109: file z:/task_1565706750/build/src/ipc/chromium/src/chrome/common/ipc_channel_win.cc, line 341
Sep 02, 2019 22:04:49.36 [Child 16812, Chrome_ChildThread] WARNING: pipe error: 109: file z:/task_1565706750/build/src/ipc/chromium/src/chrome/common/ipc_channel_win.cc, line 341
Sep 02, 2019 22:04:49.36 [Parent 6980, Gecko_IOThread] WARNING: pipe error: 109: file z:/task_1565706750/build/src/ipc/chromium/src/chrome/common/ipc_channel_win.cc, line 341
Sep 02, 2019 22:04:49.37 [Child 13780, Chrome_ChildThread] WARNING: pipe error: 109: file z:/task_1565706750/build/src/ipc/chromium/src/chrome/common/ipc_channel_win.cc, line 341
Sep 02, 2019 22:04:49.38 [Parent 6980, Gecko_IOThread] WARNING: pipe error: 109: file z:/task_1565706750/build/src/ipc/chromium/src/chrome/common/ipc_channel_win.cc, line 341
Sep 02, 2019 22:04:49.39 [Child 8976, Chrome_ChildThread] WARNING: pipe error: 109: file z:/task_1565706750/build/src/ipc/chromium/src/chrome/common/ipc_channel_win.cc, line 341
Sep 02, 2019 22:04:49.52 [Child 8976, Chrome_ChildThread] WARNING: pipe error: 109: file z:/task_1
Sep 02, 2019 22:04:49.78 ###!!! [Child][RunMessage] Error: Channel closing: too late to send/recv, messages will be lost
Sep 02, 2019 22:04:49.78 
Sep 02, 2019 22:04:49.78 [GPU 8916, Chrome_ChildThread] WARNING: pipe error: 109: file z:/task_1565706750/build/src/ipc/chromium/src/chrome/common/ipc_channel_win.cc, line 341
Sep 02, 2019 22:04:49.79 
Sep 02, 2019 22:04:49.79 ###!!! [Parent][RunMessage] Error: Channel closing: too late to send/recv, messages will be lost
Sep 02, 2019 22:04:49.79 
Sep 02, 2019 22:04:49.79 
Sep 02, 2019 22:04:49.79 ###!!! [Child][MessageChannel::SendAndWait] Error: Channel error: cannot send/recv
Sep 02, 2019 22:04:49.80 
Sep 03, 2019 01:11:54.00 [Child 10852, Chrome_ChildThread] WARNING: pipe error: 109: file z:/task_1565706750/build/src/ipc/chromium/src/chrome/common/ipc_channel_win.cc, line 341
Sep 03, 2019 01:11:54.00 [Child 10852, Chrome_ChildThread] WARNING: pipe error: 109: file z:/task_1565706750/build/src/ipc/chromium/src/chrome/common/ipc_channel_win.cc, line 341
Sep 03, 2019 01:11:54.01 [Parent 12916, Gecko_IOThread] WARNING: pipe error: 109: file z:/task_1565706750/build/src/ipc/chromium/src/chrome/common/ipc_channel_win.cc, line 341
Sep 03, 2019 01:11:54.01 [Child 16568, Chrome_ChildThread] WARNING: pipe error: 109: file z:/task_1565706750/build/src/ipc/chromium/src/chrome/common/ipc_channel_win.cc, line 341
Sep 03, 2019 01:11:54.02 [Child 16568, Chrome_ChildThread] WARNING: pipe error: 109[Child 6792, Chrome_ChildThread] WARNING: pipe error: 109: file z:/task_1565706750/build/src/ipc/chromium/src/chrome/common/ipc_channel_win.cc, line 341
Sep 03, 2019 01:11:54.12 
Sep 03, 2019 01:11:54.13 ###!!! [Child][RunMessage] Error: Channel closing: too late to send/recv, messages will be lost
Sep 03, 2019 01:11:54.13 
Sep 03, 2019 01:11:54.13 [GPU 5180, Chrome_ChildThread] WARNING: pipe error: 109: file z:/task_1565706750/build/src/ipc/chromium/src/chrome/common/ipc_channel_win.cc, line 341
Sep 03, 2019 01:11:54.14 
Sep 03, 2019 01:11:54.14 ###!!! [Parent][RunMessage] Error: Channel closing: too late to send/recv, messages will be lost
Sep 03, 2019 01:11:54.14 
Sep 03, 2019 01:11:54.14 
Sep 03, 2019 01:11:54.15 ###!!! [Child][MessageChannel::SendAndWait] Error: Channel error: cannot send/recv
Sep 03, 2019 01:11:54.15 

Sep 06, 2019 24:56:53.47 NEW SESSION
Sep 06, 2019 24:56:53.47 [Child 8340, Chrome_ChildThread] WARNING: pipe error: 109: file z:/task_1565706750/build/src/ipc/chromium/src/chrome/common/ipc_channel_win.cc, line 341
Sep 06, 2019 24:56:53.50 [Child 8340, Chrome_ChildThread] WARNING: pipe error: 109: file z:/task_1565706750/build/src/ipc/chromium/src/chrome/common/ipc_channel_win.cc, line 341
Sep 06, 2019 01:17:30.55 [Parent 10812, Gecko_IOThread] WARNING: pipe error: 109: file z:/task_1565706750/build/src/ipc/chromium/src/chrome/common/ipc_channel_win.cc, line 341
Sep 06, 2019 01:17:30.56 [Child 13664, Chrome_ChildThread] WARNING: pipe error: 109: file z:/task_1565706750/build/src/ipc/chromium/src/chrome/common/ipc_channel_win.cc, line 341
Sep 06, 2019 01:18:47.93 [Child 13664, Chrome_ChildThread] WARNING: pipe error: 109: file z:/t[Parent 10812, Gecko_IOThread] WARNING: pipe error: 109: file z:/task_1565706750/build/src/ipc/chromium/src/chrome/common/ipc_channel_win.cc, line 341
Sep 06, 2019 01:18:47.93 [Parent 10812, Gecko_IOThread] WARNING: pipe error: 109: file z:/task_1565706750/build/src/ipc/chromium/src/chrome/common/ipc_channel_win.cc, line 341
Sep 06, 2019 01:18:47.94 [Parent 10812, Gecko_IOThread] WARNING: pipe error: 109: file z:/task_1565706750/build/src/ipc/chromium/src/chrome/common/ipc_channel_win.cc, line 341
Sep 06, 2019 01:18:47.95 
Sep 06, 2019 01:18:47.96 ###!!! [Child][RunMessage] Error: Channel closing: too late to send/recv, messages will be lost
Sep 06, 2019 01:18:47.96 
Sep 06, 2019 01:18:48.28 
Sep 06, 2019 01:18:48.28 ###!!! [Parent][RunMessage] Error: Channel closing: too late to send/recv, messages will be lost
Sep 06, 2019 01:18:48.28 
Sep 06, 2019 01:18:48.49 
Sep 06, 2019 01:18:48.50 ###!!! [Child][MessageChannel::SendAndWait] Error: Channel error: cannot send/recv
Sep 06, 2019 01:18:48.51 

Sep 06, 2019 09:56:53.71 NEW SESSION
Sep 06, 2019 09:56:53.71 [Parent 6672, Gecko_IOThread] WARNING: pipe error: 109: file z:/task_1565706750/build/src/ipc/chromium/src/chrome/common/ipc_channel_win.cc, line 341
Sep 06, 2019 09:56:53.81 [Child 11724, Chrome_ChildThread] WARNING: pipe error: 109: file z:/task_1565706750/build/src/ipc/chromium/src/chrome/common/ipc_channel_win.cc, line 341
Sep 06, 2019 09:58:36.80 [Child 11724, Chrome_ChildThread] WARNING: pipe error: 109: file z:/task_1565706750/build/s[Parent 6672, Gecko_IOThread] WARNING: pipe error: 109: file z:/task_1565706750/build/src/ipc/chromium/src/chrome/common/ipc_channel_win.cc, line 341
Sep 06, 2019 09:58:36.80 [Child 6068, Chrome_ChildThread] WARNING: pipe error: 109: file z:/task_1565706750/build/src/ipc/chromium/src/chrome/common/ipc_channel_win.cc, line 341
Sep 06, 2019 09:58:37.12 [Parent 6672, Gecko_IOThread] WARNING: pipe error: 109: file z:/task_1565706750/build/src/ipc/chromium/src/chrome/common/ipc_channel_win.cc, line 341
Sep 06, 2019 09:58:37.13 [Child 13628, Chrome_ChildThread] WARNING: pipe error: 109: file z:/task_1565706750/build/src/ipc/chromium/src/chrome/common/ipc_channel_win.cc, line 341
Sep 06, 2019 10:17:31.47 [Child 13628, Chrome_ChildThread] WARN[Parent 6672, Gecko_IOThread] WARNING: pipe error: 109: file z:/task_1565706750/build/src/ipc/chromium/src/chrome/common/ipc_channel_win.cc, line 341
Sep 06, 2019 10:17:31.48 [Child 6788, Chrome_ChildThread] WARNING: pipe error: 109: file z:/task_1565706750/build/src/ipc/chromium/src/chrome/common/ipc_channel_win.cc, line 341
Sep 06, 2019 10:17:32.42 [Child 6788, Chrome_ChildThread] WARN[Parent 6672, Gecko_IOThread] WARNING: pipe error: 109: file z:/task_1565706750/build/src/ipc/chromium/src/chrome/common/ipc_channel_win.cc, line 341
Sep 06, 2019 10:17:32.43 [Child 6228, Chrome_ChildThread] WARNING: pipe error: 109: file z:/task_1565706750/build/src/ipc/chromium/src/chrome/common/ipc_channel_win.cc, line 341
Sep 06, 2019 10:17:33.71 [Child 6228, Chrome_ChildThread] WARNING: pipe error: 109: file z:/task_156570675[Parent 6672, Gecko_IOThread] WARNING: pipe error: 109: file z:/task_1565706750/build/src/ipc/chromium/src/chrome/common/ipc_channel_win.cc, line 341
Sep 06, 2019 10:17:33.72 [Child 8864, Chrome_ChildThread] WARNING: pipe error: 109: file z:/task_1565706750/build/src/ipc/chromium/src/chrome/common/ipc_channel_win.cc, line 341
Sep 06, 2019 10:17:33.72 [Child 8864, Chrome_ChildThread] WARNING: pipe error: 109: file z:/task_1565706750/build/src/ipc/chromium/src/chrome/common/ipc_channel_win.cc, line 341
Sep 06, 2019 10:17:34.01 [Parent 6672, Gecko_IOThread] WARNING: pipe error: 109: file z:/task_1565706750/build/src/ipc/chromium/src/chrome/common/ipc_channel_win.cc, line 341
Sep 06, 2019 10:17:34.01 [Child 5176, Chrome_ChildThread] WARNING: pipe error: 109: file z:/task_1565706750/build/src/ipc/chromium/src/chrome/common/ipc_channel_win.cc, line 341
Sep 06, 2019 10:17:34.02 [Child 5176, Chrome_ChildThread] WARNING: pipe error: 109: file z:/task_1565706750/build/src/ipc/chromium/src/chrome/common/ipc_channel_win.cc, line 341
Sep 06, 2019 10:35:40.58 [Parent 6672, Gecko_IOThread] WARNING: pipe error: 109: file z:/task_1565706750/build/src/ipc/chromium/src/chrome/common/ipc_channel_win.cc, line 341
Sep 06, 2019 10:35:40.60 [Child 9256, Chrome_ChildThread] WARNING: pipe error: 109: file z:/task_1565706750/build/src/ipc/chromium/src/chrome/common/ipc_channel_win.cc, line 341
Sep 06, 2019 10:35:40.60 [Parent 6672, Gecko_IOThread] WARNING: pipe error: 109: file z:/task_1565706750/build/src/ipc/chromium/src/chrome/common/ipc_channel_win.cc, line 341
Sep 06, 2019 10:35:40.60 [Parent 6672, Gecko_IOThread] WARNING: pipe error: 109: file z:/task_1565706750/build/src/ipc/chromium/src/chrome/common/ipc_channel_win.cc, line 341
Sep 06, 2019 10:35:40.61 [Child 2948, Chrome_ChildThread] WARNING: pipe error: 109: file z:/task_1565706750/build/src/ipc/chromium/src/chrome/common/ipc_channel_win.cc, line 341
Sep 06, 2019 10:35:40.62 [Child 2948, Chrome_ChildThread] WARNING: pipe error: 109: file z:/task_1565706750/build/src/ipc/chromium/src/chr[Child 10412, Chrome_ChildThread] WARNING: pipe error: 109: file z:/task_1565706750/build/src/ipc/chromium/src/chrome/common/ipc_channel_win.cc, line 341
Sep 06, 2019 10:35:40.62 [Child 10412, Chrome_ChildThread] WARNING: pipe error: 109: file z:/[Parent 6672, Gecko_IOThread] WARNING: pipe error: 109: file z:/task_1565706750/build/src/ipc/chromium/src/chrome/common/ipc_channel_win.cc, line 341
Sep 06, 2019 10:35:40.65 [Child 12500, Chrome_ChildThread] WARNING: pipe error: 109: file z:/task_1565706750/build/src/ipc/chromium/src/chrome/common/ipc_channel_win.cc, line 341
Sep 06, 2019 10:35:40.66 [Child 12500, Chrome_ChildThread] WARNING: pipe error: 109: file z:/task_1565706750/build/src/ipc/chromium/src/chrome/common/ipc_channel_win.cc, line 341
Sep 06, 2019 10:35:40.69 [Parent 6672, Gecko_IOThread] WARNING: pipe error: 109: file z:/task_1565706750/build/src/ipc/chromium/src/chrome/common/ipc_channel_win.cc, line 341

Sep 06, 2019 21:39:03.88 NEW SESSION
Sep 06, 2019 21:39:03.88 [Parent 5572, Gecko_IOThread] WARNING: pipe error: 109: file z:/task_1566864336/build/src/ipc/chromium/src/chrome/common/ipc_channel_win.cc, line 341
Sep 06, 2019 21:39:03.91 [Child 13772, Chrome_ChildThread] WARNING: pipe error: 109: file z:/task_1566864336/build/src/ipc/chromium/src/chrome/common/ipc_channel_win.cc, line 341
Sep 06, 2019 21:39:03.91 [Child 13772, Chrome_ChildThread] WARNING: pipe error: 109: file z:/task_1566864336/build/src/ipc/chromium/src/chrome/common/ipc_channel_win.cc, line 341
Sep 06, 2019 21:39:03.92 [Child 9280, Chrome_ChildThread] WARNING: pipe error: 109: file z:/task_1566864336/build/src/ipc/chromium/src/chrome/common/ipc_channel_win.cc, line 341
Sep 06, 2019 21:39:03.92 [Child 9280, Chrome_ChildThread] WARNING: pipe error: 109: file z:/task_1566864336/build/src/ipc/chromium/src/chrome/common/ipc_channel_win.cc, line 341
Sep 06, 2019 21:39:03.92 [Parent 5572, Gecko_IOThread] WARNING: pipe error: 109: file z:/task_1566864336/build/src/ipc/chromium/src/chrome/common/ipc_channel_win.cc, line 341
Sep 06, 2019 21:39:03.92 [Child 8456, Chrome_ChildThread] WARNING: pipe error: 109: file z:/task_1566864336/build/src/ipc/chromium/src/chrome/common/ipc_channel_win.cc, line 341
Sep 06, 2019 21:39:03.92 [Child 8456, Chrome_ChildThread] WARNING: pipe error: 109: file z:/task_1566864336/build/src/ipc/chromium/src/chrome/common/ipc_channel_win.cc, line 341
Sep 06, 2019 21:52:37.81 [Child 7880, Chrome_ChildThread] WARNING: pipe error: 109: file z:/task_1566864336/build/src/ipc/chromium/src/chrome/common/ipc_channel_win.cc, line 341
Sep 06, 2019 21:53:49.43 [Child 7880, Chrome_Chil[Parent 5572, Gecko_IOThread] WARNING: pipe error: 109: file z:/task_1566864336/build/src/ipc/chromium/src/chrome/common/ipc_channel_win.cc, line 341
Sep 06, 2019 21:53:49.44 [Child 9740, Chrome_ChildThread] WARNING: pipe error: 109: file z:/task_1566864336/build/src/ipc/chromium/src/chrome/common/ipc_channel_win.cc, line 341
Sep 06, 2019 22:02:47.63 [Child 9740, Chrome_ChildThread] W[Parent 5572, Gecko_IOThread] WARNING: pipe error: 109: file z:/task_1566864336/build/src/ipc/chromium/src/chrome/common/ipc_channel_win.cc, line 341
Sep 06, 2019 22:02:47.70 [Child 456, Chrome_ChildThread] WARNING: pipe error: 109: file z:/task_1566864336/build/src/ipc/chromium/src/chrome/common/ipc_channel_win.cc, line 341
Sep 06, 2019 22:02:47.76 [Child 45[Child 10308, Chrome_ChildThread] WARNING: pipe error: 109: file z:/task_1566864336/build/src/ipc/chromium/src/chrome/common/ipc_channel_win.cc, line 341
Sep 06, 2019 22:02:47.76 [Child 10860, Chrome_ChildThread] WARNING: pipe error: 109: file z:/task_1566864336/build/src/ipc/chromium/src/chrome/common/ipc_channel_win.cc, line 341
Sep 06, 2019 22:02:47.81 [Child 10860, Chrome_ChildThread] WARNING: pipe error: 109: file z:/task_1566864336/build/src/ipc/chromium/src/chrome/common/ipc_channel_win.cc, line 341
Sep 06, 2019 22:02:47.86 [Child 13024, Chrome_ChildThread] WARNING: pipe error: 109: file z:/task_1566864336/build/src/ipc/chromium/src/chrome/common/ipc_channel_win.cc, line 341
Sep 06, 2019 22:02:47.86 [Child 13024, Chrome_ChildThread] WARNING: pipe error: 109: file z:/task_1566864336/build/src/ipc/chromium/src/chrome/common/ipc_channel_win.cc, line 341
Sep 06, 2019 22:02:47.87 [Parent 5572, Gecko_IOThread] WARNING: pipe error: 109: file z:/task_1566864336/build/src/ipc/chromium/src/chrome/common/ipc_channel_win.cc, line 341
Sep 06, 2019 22:02:47.87 [Child 11996, Chrome_ChildThread] WARNING: pipe error: 109: file z:/task_1566864336/build/src/ipc/chromium/src/chrome/common/ipc_channel_win.cc, line 341
Sep 06, 2019 22:02:47.95 [Child 11996, Chrome_ChildThread] WARNING: pipe error: 109: file z:/task_1566864336/build/src/ipc/chromium/src/chrome/common/ipc_channel_win.cc, line 341
Sep 06, 2019 22:02:47.99 [Parent 5572, Gecko_IOThread] WARNING: pipe error: 109: file z:/task_1566864336/build/src/ipc/chromium/src/chrome/common/ipc_channel_win.cc, line 341
Sep 06, 2019 22:02:47.99 [Child 10204, Chrome_ChildThread] WARNING: pipe error: 109: file z:/task_1566864336/build/src/ipc/chromium/src/chrome/common/ipc_channel_win.cc, line 341
Sep 06, 2019 22:02:48.17 [GPU 11800, Chrome_ChildThread] WARNING: pipe error: 109: file z:/task_1566864336/build/src/ipc/chromium/src/chrome/common/ipc_channel_win.cc, line 341
Sep 06, 2019 22:02:48.20 
Sep 06, 2019 22:02:48.21 ###!!! [Parent][RunMessage] Error: Channel closing: too late to send/recv, messages will be lost
Sep 06, 2019 22:02:48.22 
Sep 06, 2019 22:02:48.28 
Sep 06, 2019 22:02:48.31 ###!!! [Child][MessageChannel::SendAndWait] Error: Channel error: cannot send/recv
Sep 06, 2019 22:02:48.42 

Sep 07, 2019 09:21:08.44 NEW SESSION
Sep 07, 2019 09:21:08.44 IPDL protocol error: Handler returned error code!
Sep 07, 2019 09:21:08.50 
Sep 07, 2019 09:21:08.50 ###!!! [Parent][DispatchAsyncMessage] Error: PAPZCTreeManager::Msg_SetTargetAPZC Processing error: message was deserialized, but the handler returned false (indicating failure)
Sep 07, 2019 09:21:08.50 
Sep 07, 2019 09:21:09.21 IPDL protocol error: Handler returned error code!
Sep 07, 2019 09:21:09.22 
Sep 07, 2019 09:21:09.22 ###!!! [Parent][DispatchAsyncMessage] Error: PAPZCTreeManager::Msg_SetTargetAPZC Processing error: message was deserialized, but the handler returned false (indicating failure)
Sep 07, 2019 09:21:09.23 
Sep 07, 2019 09:21:09.59 IPDL protocol error: Handler returned error code!
Sep 07, 2019 09:21:09.67 
Sep 07, 2019 09:21:09.67 ###!!! [Parent][DispatchAsyncMessage] Error: PAPZCTreeManager::Msg_SetTargetAPZC Processing error: message was deserialized, but the handler returned false (indicating failure)
Sep 07, 2019 09:21:09.68 
Sep 07, 2019 09:21:18.80 IPDL protocol error: Handler returned error code!
Sep 07, 2019 09:21:18.81 
Sep 07, 2019 09:21:18.81 ###!!! [Parent][DispatchAsyncMessage] Error: PAPZCTreeManager::Msg_SetTargetAPZC Processing error: message was deserialized, but the handler returned false (indicating failure)
Sep 07, 2019 09:21:18.82 
Sep 07, 2019 09:34:10.27 IPDL protocol error: Handler returned error code!
Sep 07, 2019 09:34:10.28 
Sep 07, 2019 09:34:10.28 ###!!! [Parent][DispatchAsyncMessage] Error: PAPZCTreeManager::Msg_SetTargetAPZC Processing error: message was deserialized, but the handler returned false (indicating failure)
Sep 07, 2019 09:34:10.28 
Sep 07, 2019 09:40:43.17 IPDL protocol error: Handler returned error code!
Sep 07, 2019 09:40:43.18 
Sep 07, 2019 09:40:43.18 ###!!! [Parent][DispatchAsyncMessage] Error: PAPZCTreeManager::Msg_SetTargetAPZC Processing error: message was deserialized, but the handler returned false (indicating failure)
Sep 07, 2019 09:40:43.18 
Sep 07, 2019 09:40:45.42 IPDL protocol error: Handler returned error code!
Sep 07, 2019 09:40:45.42 
Sep 07, 2019 09:40:45.43 ###!!! [Parent][DispatchAsyncMessage] Error: PAPZCTreeManager::Msg_SetTargetAPZC Processing error: message was deserialized, but the handler returned false (indicating failure)
Sep 07, 2019 09:40:45.43 
Sep 07, 2019 09:40:47.82 IPDL protocol error: Handler returned error code!
Sep 07, 2019 09:40:47.83 
Sep 07, 2019 09:40:47.83 ###!!! [Parent][DispatchAsyncMessage] Error: PAPZCTreeManager::Msg_SetTargetAPZC Processing error: message was deserialized, but the handler returned false (indicating failure)
Sep 07, 2019 09:40:47.83 
Sep 07, 2019 09:40:48.60 IPDL protocol error: Handler returned error code!
Sep 07, 2019 09:40:48.60 
Sep 07, 2019 09:40:48.60 ###!!! [Parent][DispatchAsyncMessage] Error: PAPZCTreeManager::Msg_SetTargetAPZC Processing error: message was deserialized, but the handler returned false (indicating failure)
Sep 07, 2019 09:40:48.61 
Sep 07, 2019 09:40:49.17 IPDL protocol error: Handler returned error code!
Sep 07, 2019 09:40:49.18 
Sep 07, 2019 09:40:49.18 ###!!! [Parent][DispatchAsyncMessage] Error: PAPZCTreeManager::Msg_SetTargetAPZC Processing error: message was deserialized, but the handler returned false (indicating failure)
Sep 07, 2019 09:40:49.18 
Sep 07, 2019 09:40:51.46 IPDL protocol error: Handler returned error code!
Sep 07, 2019 09:40:51.47 
Sep 07, 2019 09:40:51.47 ###!!! [Parent][DispatchAsyncMessage] Error: PAPZCTreeManager::Msg_SetTargetAPZC Processing error: message was deserialized, but the handler returned false (indicating failure)
Sep 07, 2019 09:40:51.47 
Sep 07, 2019 09:43:29.76 [Parent 848, Gecko_IOThread] WARNING: pipe error: 109: file z:/task_1566864336/build/src/ipc/chromium/src/chrome/common/ipc_channel_win.cc, line 341
Sep 07, 2019 09:43:29.77 [Child 3468, Chrome_ChildThread] WARNING: pipe error: 109: file z:/task_1566864336/build/src/ipc/chromium/src/chrome/common/ipc_channel_win.cc, line 341
Sep 07, 2019 09:59:42.93 [Child 3468, Chrome_ChildThread] WARNING: pipe error: 109: file z:/task_1566864336/build/src/ipc/chromium/src/chr[Parent 848, Gecko_IOThread] WARNING: pipe error: 109: file z:/task_1566864336/build/src/ipc/chromium/src/chrome/common/ipc_channel_win.cc, line 341
Sep 07, 2019 09:59:42.94 [Child 6284, Chrome_ChildThread] WARNING: pipe error: 109: file z:/task_1566864336/build/src/ipc/chromium/src/chrome/common/ipc_channel_win.cc, line 341
Sep 07, 2019 10:00:29.98 IPDL protocol error: Handler returned error code!
Sep 07, 2019 10:00:29.99 
Sep 07, 2019 10:00:29.99 ###!!! [Parent][DispatchAsyncMessage] Error: PAPZCTreeManager::Msg_SetTargetAPZC Processing error: message was deserialized, but the handler returned false (indicating failure)
Sep 07, 2019 10:00:29.99 
Sep 07, 2019 10:00:31.46 IPDL protocol error: Handler returned error code!
Sep 07, 2019 10:00:31.47 
Sep 07, 2019 10:00:31.47 ###!!! [Parent][DispatchAsyncMessage] Error: PAPZCTreeManager::Msg_SetTargetAPZC Processing error: message was deserialized, but the handler returned false (indicating failure)
Sep 07, 2019 10:00:31.47 
Sep 07, 2019 10:00:31.82 IPDL protocol error: Handler returned error code!
Sep 07, 2019 10:00:31.82 
Sep 07, 2019 10:00:31.82 ###!!! [Parent][DispatchAsyncMessage] Error: PAPZCTreeManager::Msg_SetTargetAPZC Processing error: message was deserialized, but the handler returned false (indicating failure)
Sep 07, 2019 10:00:31.82 
Sep 07, 2019 10:00:32.32 IPDL protocol error: Handler returned error code!
Sep 07, 2019 10:00:32.33 
Sep 07, 2019 10:00:32.33 ###!!! [Parent][DispatchAsyncMessage] Error: PAPZCTreeManager::Msg_SetTargetAPZC Processing error: message was deserialized, but the handler returned false (indicating failure)
Sep 07, 2019 10:00:32.33 
Sep 07, 2019 10:00:33.78 IPDL protocol error: Handler returned error code!
Sep 07, 2019 10:00:33.79 
Sep 07, 2019 10:00:33.79 ###!!! [Parent][DispatchAsyncMessage] Error: PAPZCTreeManager::Msg_SetTargetAPZC Processing error: message was deserialized, but the handler returned false (indicating failure)
Sep 07, 2019 10:00:33.79 
Sep 07, 2019 10:00:34.91 IPDL protocol error: Handler returned error code!
Sep 07, 2019 10:00:34.92 
Sep 07, 2019 10:00:34.92 ###!!! [Parent][DispatchAsyncMessage] Error: PAPZCTreeManager::Msg_SetTargetAPZC Processing error: message was deserialized, but the handler returned false (indicating failure)
Sep 07, 2019 10:00:34.92 
Sep 07, 2019 10:00:44.09 IPDL protocol error: Handler returned error code!
Sep 07, 2019 10:00:44.10 
Sep 07, 2019 10:00:44.10 ###!!! [Parent][DispatchAsyncMessage] Error: PAPZCTreeManager::Msg_SetTargetAPZC Processing error: message was deserialized, but the handler returned false (indicating failure)
Sep 07, 2019 10:00:44.10 
Sep 07, 2019 10:00:45.67 IPDL protocol error: Handler returned error code!
Sep 07, 2019 10:00:45.71 
Sep 07, 2019 10:00:45.72 ###!!! [Parent][DispatchAsyncMessage] Error: PAPZCTreeManager::Msg_SetTargetAPZC Processing error: message was deserialized, but the handler returned false (indicating failure)
Sep 07, 2019 10:00:45.72 
Sep 07, 2019 10:00:46.09 IPDL protocol error: Handler returned error code!
Sep 07, 2019 10:00:46.16 
Sep 07, 2019 10:00:46.16 ###!!! [Parent][DispatchAsyncMessage] Error: PAPZCTreeManager::Msg_SetTargetAPZC Processing error: message was deserialized, but the handler returned false (indicating failure)
Sep 07, 2019 10:00:46.17 
Sep 07, 2019 10:01:04.55 IPDL protocol error: Handler returned error code!
Sep 07, 2019 10:01:04.56 
Sep 07, 2019 10:01:04.56 ###!!! [Parent][DispatchAsyncMessage] Error: PAPZCTreeManager::Msg_SetTargetAPZC Processing error: message was deserialized, but the handler returned false (indicating failure)
Sep 07, 2019 10:01:04.56 
Sep 07, 2019 10:01:54.48 IPDL protocol error: Handler returned error code!
Sep 07, 2019 10:01:54.49 
Sep 07, 2019 10:01:54.49 ###!!! [Parent][DispatchAsyncMessage] Error: PAPZCTreeManager::Msg_SetTargetAPZC Processing error: message was deserialized, but the handler returned false (indicating failure)
Sep 07, 2019 10:01:54.49 
Sep 07, 2019 10:01:55.98 IPDL protocol error: Handler returned error code!
Sep 07, 2019 10:01:55.98 
Sep 07, 2019 10:01:55.98 ###!!! [Parent][DispatchAsyncMessage] Error: PAPZCTreeManager::Msg_SetTargetAPZC Processing error: message was deserialized, but the handler returned false (indicating failure)
Sep 07, 2019 10:01:55.99 
Sep 07, 2019 10:01:56.33 IPDL protocol error: Handler returned error code!
Sep 07, 2019 10:01:56.33 
Sep 07, 2019 10:01:56.33 ###!!! [Parent][DispatchAsyncMessage] Error: PAPZCTreeManager::Msg_SetTargetAPZC Processing error: message was deserialized, but the handler returned false (indicating failure)
Sep 07, 2019 10:01:56.34 
Sep 07, 2019 10:01:56.63 IPDL protocol error: Handler returned error code!
Sep 07, 2019 10:01:56.64 
Sep 07, 2019 10:01:56.64 ###!!! [Parent][DispatchAsyncMessage] Error: PAPZCTreeManager::Msg_SetTargetAPZC Processing error: message was deserialized, but the handler returned false (indicating failure)
Sep 07, 2019 10:01:56.64 
Sep 07, 2019 10:01:56.93 IPDL protocol error: Handler returned error code!
Sep 07, 2019 10:01:56.93 
Sep 07, 2019 10:01:56.94 ###!!! [Parent][DispatchAsyncMessage] Error: PAPZCTreeManager::Msg_SetTargetAPZC Processing error: message was deserialized, but the handler returned false (indicating failure)
Sep 07, 2019 10:01:56.94 
Sep 07, 2019 10:02:06.26 IPDL protocol error: Handler returned error code!
Sep 07, 2019 10:02:06.26 
Sep 07, 2019 10:02:06.27 ###!!! [Parent][DispatchAsyncMessage] Error: PAPZCTreeManager::Msg_SetTargetAPZC Processing error: message was deserialized, but the handler returned false (indicating failure)
Sep 07, 2019 10:02:06.27 
Sep 07, 2019 10:02:10.39 IPDL protocol error: Handler returned error code!
Sep 07, 2019 10:02:10.39 
Sep 07, 2019 10:02:10.40 ###!!! [Parent][DispatchAsyncMessage] Error: PAPZCTreeManager::Msg_SetTargetAPZC Processing error: message was deserialized, but the handler returned false (indicating failure)
Sep 07, 2019 10:02:10.40 
Sep 07, 2019 10:02:17.83 [Child 572, Chrome_ChildThread] WARNING: pipe error: 109: file z:/task_1566864336/build/src/ipc/chromium/src/chrome/common/ipc_channel_win.cc, line 341
Sep 07, 2019 10:03:54.81 [Child 572, Chrome_ChildThread] IPDL protocol error: Handler returned error code!
Sep 07, 2019 10:03:54.81 
Sep 07, 2019 10:03:54.81 ###!!! [Parent][DispatchAsyncMessage] Error: PAPZCTreeManager::Msg_SetTargetAPZC Processing error: message was deserialized, but the handler returned false (indicating failure)
Sep 07, 2019 10:03:54.81 
Sep 07, 2019 10:03:55.90 IPDL protocol error: Handler returned error code!
Sep 07, 2019 10:03:55.90 
Sep 07, 2019 10:03:55.91 ###!!! [Parent][DispatchAsyncMessage] Error: PAPZCTreeManager::Msg_SetTargetAPZC Processing error: message was deserialized, but the handler returned false (indicating failure)
Sep 07, 2019 10:03:55.92 
Sep 07, 2019 10:03:57.51 IPDL protocol error: Handler returned error code!
Sep 07, 2019 10:03:57.52 
Sep 07, 2019 10:03:57.52 ###!!! [Parent][DispatchAsyncMessage] Error: PAPZCTreeManager::Msg_SetTargetAPZC Processing error: message was deserialized, but the handler returned false (indicating failure)
Sep 07, 2019 10:03:57.53 
Sep 07, 2019 10:03:57.88 IPDL protocol error: Handler returned error code!
Sep 07, 2019 10:03:57.89 
Sep 07, 2019 10:03:57.89 ###!!! [Parent][DispatchAsyncMessage] Error: PAPZCTreeManager::Msg_SetTargetAPZC Processing error: message was deserialized, but the handler returned false (indicating failure)
Sep 07, 2019 10:03:57.89 
Sep 07, 2019 10:03:58.20 IPDL protocol error: Handler returned error code!
Sep 07, 2019 10:03:58.20 
Sep 07, 2019 10:03:58.20 ###!!! [Parent][DispatchAsyncMessage] Error: PAPZCTreeManager::Msg_SetTargetAPZC Processing error: message was deserialized, but the handler returned false (indicating failure)
Sep 07, 2019 10:03:58.20 
Sep 07, 2019 10:03:58.52 IPDL protocol error: Handler returned error code!
Sep 07, 2019 10:03:58.52 
Sep 07, 2019 10:03:58.53 ###!!! [Parent][DispatchAsyncMessage] Error: PAPZCTreeManager::Msg_SetTargetAPZC Processing error: message was deserialized, but the handler returned false (indicating failure)
Sep 07, 2019 10:03:58.53 
Sep 07, 2019 10:03:58.84 IPDL protocol error: Handler returned error code!
Sep 07, 2019 10:03:58.84 
Sep 07, 2019 10:03:58.84 ###!!! [Parent][DispatchAsyncMessage] Error: PAPZCTreeManager::Msg_SetTargetAPZC Processing error: message was deserialized, but the handler returned false (indicating failure)
Sep 07, 2019 10:03:58.85 
Sep 07, 2019 10:03:59.48 IPDL protocol error: Handler returned error code!
Sep 07, 2019 10:03:59.49 
Sep 07, 2019 10:03:59.49 ###!!! [Parent][DispatchAsyncMessage] Error: PAPZCTreeManager::Msg_SetTargetAPZC Processing error: message was deserialized, but the handler returned false (indicating failure)
Sep 07, 2019 10:03:59.49 
Sep 07, 2019 10:03:59.81 IPDL protocol error: Handler returned error code!
Sep 07, 2019 10:03:59.81 
Sep 07, 2019 10:03:59.81 ###!!! [Parent][DispatchAsyncMessage] Error: PAPZCTreeManager::Msg_SetTargetAPZC Processing error: message was deserialized, but the handler returned false (indicating failure)
Sep 07, 2019 10:03:59.82 
Sep 07, 2019 10:04:00.15 IPDL protocol error: Handler returned error code!
Sep 07, 2019 10:04:00.19 
Sep 07, 2019 10:04:00.19 ###!!! [Parent][DispatchAsyncMessage] Error: PAPZCTreeManager::Msg_SetTargetAPZC Processing error: message was deserialized, but the handler returned false (indicating failure)
Sep 07, 2019 10:04:00.19 
Sep 07, 2019 10:04:04.07 IPDL protocol error: Handler returned error code!
Sep 07, 2019 10:04:04.07 
Sep 07, 2019 10:04:04.07 ###!!! [Parent][DispatchAsyncMessage] Error: PAPZCTreeManager::Msg_SetTargetAPZC Processing error: message was deserialized, but the handler returned false (indicating failure)
Sep 07, 2019 10:04:04.08 
Sep 07, 2019 10:04:05.57 IPDL protocol error: Handler returned error code!
Sep 07, 2019 10:04:05.58 
Sep 07, 2019 10:04:05.58 ###!!! [Parent][DispatchAsyncMessage] Error: PAPZCTreeManager::Msg_SetTargetAPZC Processing error: message was deserialized, but the handler returned false (indicating failure)
Sep 07, 2019 10:04:05.58 
Sep 07, 2019 10:04:13.18 IPDL protocol error: Handler returned error code!
Sep 07, 2019 10:04:13.18 
Sep 07, 2019 10:04:13.18 ###!!! [Parent][DispatchAsyncMessage] Error: PAPZCTreeManager::Msg_SetTargetAPZC Processing error: message was deserialized, but the handler returned false (indicating failure)
Sep 07, 2019 10:04:13.19 
Sep 07, 2019 15:07:05.66 [Parent 848, Gecko_IOThread] WARNING: pipe error: 109: file z:/task_1566864336/build/src/ipc/chromium/src/chrome/common/ipc_channel_win.cc, line 341
Sep 07, 2019 15:07:05.67 [Child 11092, Chrome_ChildThread] WARNING: pipe error: 109: file z:/task_1566864336/build/src/ipc/chromium/src/chrome/common/ipc_channel_win.cc, line 341
Sep 07, 2019 16:07:51.72 [Child 11092, Chrome_ChildThread] WARNIIPDL protocol error: Handler returned error code!
Sep 07, 2019 16:07:51.78 
Sep 07, 2019 16:07:51.78 ###!!! [Parent][DispatchAsyncMessage] Error: PAPZCTreeManager::Msg_SetTargetAPZC Processing error: message was deserialized, but the handler returned false (indicating failure)
Sep 07, 2019 16:07:51.78 
Sep 07, 2019 16:07:54.84 IPDL protocol error: Handler returned error code!
Sep 07, 2019 16:07:54.85 
Sep 07, 2019 16:07:54.85 ###!!! [Parent][DispatchAsyncMessage] Error: PAPZCTreeManager::Msg_SetTargetAPZC Processing error: message was deserialized, but the handler returned false (indicating failure)
Sep 07, 2019 16:07:54.85 
Sep 07, 2019 16:11:54.13 IPDL protocol error: Handler returned error code!
Sep 07, 2019 16:11:54.13 
Sep 07, 2019 16:11:54.14 ###!!! [Parent][DispatchAsyncMessage] Error: PAPZCTreeManager::Msg_SetTargetAPZC Processing error: message was deserialized, but the handler returned false (indicating failure)
Sep 07, 2019 16:11:54.14 
Sep 07, 2019 16:13:01.79 IPDL protocol error: Handler returned error code!
Sep 07, 2019 16:13:01.79 
Sep 07, 2019 16:13:01.79 ###!!! [Parent][DispatchAsyncMessage] Error: PAPZCTreeManager::Msg_SetTargetAPZC Processing error: message was deserialized, but the handler returned false (indicating failure)
Sep 07, 2019 16:13:01.80 
Sep 07, 2019 16:50:29.52 [Parent 848, Gecko_IOThread] WARNING: pipe error: 109: file z:/task_1566864336/build/src/ipc/chromium/src/chrome/common/ipc_channel_win.cc, line 341
Sep 07, 2019 16:50:29.52 [Child 2344, Chrome_ChildThread] WARNING: pipe error: 109: file z:/task_1566864336/build/src/ipc/chromium/src/chrome/common/ipc_channel_win.cc, line 341
Sep 07, 2019 17:32:55.00 [Child 2344, Chrome_ChildThread] WARNING: pipe error: 109: file z:/tas[Parent 848, Gecko_IOThread] WARNING: pipe error: 109: file z:/task_1566864336/build/src/ipc/chromium/src/chrome/common/ipc_channel_win.cc, line 341
Sep 07, 2019 17:32:55.01 [Child 2248, Chrome_ChildThread] WARNING: pipe error: 109: file z:/task_1566864336/build/src/ipc/chromium/src/chrome/common/ipc_channel_win.cc, line 341
Sep 07, 2019 17:32:55.07 [Parent 848, Gecko_IOThread] WARNING: pipe error: 109: file z:/task_1566864336/build/src/ipc/chromium/src/chrome/common/ipc_channel_win.cc, line 341
Sep 07, 2019 17:32:55.08 [Child 6896, Chrome_ChildThread] WARNING: pipe error: 109: file z:/task_1566864336/build/src/ipc/chromium/src/chrome/common/ipc_channel_win.cc, line 341
Sep 07, 2019 17:32:55.12 [Parent 848, Gecko_IOThread] WARNING: pipe error: 109: file z:/task_1566864336/build/src/ipc/chromium/src/chrome/common/ipc_channel_win.cc, line 341
Sep 07, 2019 17:32:55.12 [Child 4520, Chrome_ChildThread] WARNING: pipe error: 109: file z:/task_1566864336/build/src/ipc/chromium/src/chrome/common/ipc_channel_win.cc, line 341
Sep 07, 2019 17:32:55.13 [Child 4520, Chrome_ChildThread] WARNING: pipe error: 109: file z:/task_1566864336/build/src/ipc/chromium/src/chrome/c[Parent 848, Gecko_IOThread] WARNING: pipe error: 109: file z:/task_1566864336/build/src/ipc/chromium/src/chrome/common/ipc_channel_win.cc, line 341
Sep 07, 2019 17:32:55.14 [Child 11232, Chrome_ChildThread] WARNING: pipe error: 109: file z:/task_1566864336/build/src/ipc/chromium/src/chrome/common/ipc_channel_win.cc, line 341
Sep 07, 2019 17:32:55.15 
Sep 07, 2019 17:32:55.15 ###!!! [Child][MessageChannel] Error: (msgtype=0x7D0001,name=PRemoteSpellcheckEngine::Msg___delete__) Channel closing: too late to send/recv, messages will be lost
Sep 07, 2019 17:32:55.15 
Sep 07, 2019 17:32:55.15 [Child 11232, Chrome_ChildThread] WARNING: pipe error: 109: file z:/task_1566864336/build/src/ipc/chromium/src/chrome/common/ipc_channel_win.cc, line 341
Sep 07, 2019 17:32:55.43 
Sep 07, 2019 17:32:55.53 ###!!! [Parent][RunMessage] Error: Channel closing: too late to send/recv, messages will be lost
Sep 07, 2019 17:32:55.53 
Sep 07, 2019 17:32:55.54 
Sep 07, 2019 17:32:55.54 ###!!! [Child][MessageChannel::SendAndWait] Error: Channel error: cannot send/recv
Sep 07, 2019 17:32:55.54 
